C51 COMPILER V9.60.0.0   TIMER_INTERRUPT_PRIORITY                                          08/14/2022 23:55:11 PAGE 1   


C51 COMPILER V9.60.0.0, COMPILATION OF MODULE TIMER_INTERRUPT_PRIORITY
OBJECT MODULE PLACED IN .\Objects\timer_interrupt_priority.obj
COMPILER INVOKED BY: C:\Keil_v5\C51\BIN\C51.EXE timer_interrupt_priority.c OPTIMIZE(8,SPEED) BROWSE DEBUG OBJECTEXTEND P
                    -RINT(.\Listings\timer_interrupt_priority.lst) TABS(2) OBJECT(.\Objects\timer_interrupt_priority.obj)

line level    source

   1          #include <reg51.h>
   2          #include <stdio.h>
   3          
   4          sbit hp_sig=P2^0;
   5          sbit lp_sig=P2^1;
   6          
   7          void low_priority() interrupt 1
   8          {
   9   1        lp_sig=~lp_sig;
  10   1      }
  11          void high_priority() interrupt 3
  12          {
  13   1        hp_sig=~hp_sig;
  14   1      }
  15          void main()
  16          {
  17   1      TMOD=0x22;  //both timer 0 and 1 mode 2 (auto-Reload) 
  18   1      IE=0x8A;
  19   1      TH0=0x3D;  //195 usec delay .
  20   1      TH1=0x3D;
  21   1      TR0=1;    //start timer0
  22   1      TR1=1;     //start timer 1
  23   1      PT0=0;     //by default timer0_interrupt has high priorty than timer1_interrupt but
  24   1      PT1=1;    //here Timer1_interrupt has higher priority than Timer0_interrupt.
  25   1      while(1);
  26   1      }


MODULE INFORMATION:   STATIC OVERLAYABLE
   CODE SIZE        =     28    ----
   CONSTANT SIZE    =   ----    ----
   XDATA SIZE       =   ----    ----
   PDATA SIZE       =   ----    ----
   DATA SIZE        =   ----    ----
   IDATA SIZE       =   ----    ----
   BIT SIZE         =   ----    ----
END OF MODULE INFORMATION.


C51 COMPILATION COMPLETE.  0 WARNING(S),  0 ERROR(S)
