Release 14.7 - xst P.20131013 (nt64)
Copyright (c) 1995-2013 Xilinx, Inc.  All rights reserved.
--> Parameter TMPDIR set to xst/projnav.tmp


Total REAL time to Xst completion: 0.00 secs
Total CPU time to Xst completion: 0.14 secs
 
--> Parameter xsthdpdir set to xst


Total REAL time to Xst completion: 0.00 secs
Total CPU time to Xst completion: 0.14 secs
 
--> Reading design: parking_sys.prj

TABLE OF CONTENTS
  1) Synthesis Options Summary
  2) HDL Parsing
  3) HDL Elaboration
  4) HDL Synthesis
       4.1) HDL Synthesis Report
  5) Advanced HDL Synthesis
       5.1) Advanced HDL Synthesis Report
  6) Low Level Synthesis
  7) Partition Report
  8) Design Summary
       8.1) Primitive and Black Box Usage
       8.2) Device utilization summary
       8.3) Partition Resource Summary
       8.4) Timing Report
            8.4.1) Clock Information
            8.4.2) Asynchronous Control Signals Information
            8.4.3) Timing Summary
            8.4.4) Timing Details
            8.4.5) Cross Clock Domains Report


=========================================================================
*                      Synthesis Options Summary                        *
=========================================================================
---- Source Parameters
Input File Name                    : "parking_sys.prj"
Ignore Synthesis Constraint File   : NO

---- Target Parameters
Output File Name                   : "parking_sys"
Output Format                      : NGC
Target Device                      : xc6slx9-2-csg324

---- Source Options
Top Module Name                    : parking_sys
Automatic FSM Extraction           : YES
FSM Encoding Algorithm             : Auto
Safe Implementation                : No
FSM Style                          : LUT
RAM Extraction                     : Yes
RAM Style                          : Auto
ROM Extraction                     : Yes
Shift Register Extraction          : YES
ROM Style                          : Auto
Resource Sharing                   : YES
Asynchronous To Synchronous        : NO
Shift Register Minimum Size        : 2
Use DSP Block                      : Auto
Automatic Register Balancing       : No

---- Target Options
LUT Combining                      : Auto
Reduce Control Sets                : Auto
Add IO Buffers                     : YES
Global Maximum Fanout              : 100000
Add Generic Clock Buffer(BUFG)     : 16
Register Duplication               : YES
Optimize Instantiated Primitives   : NO
Use Clock Enable                   : Auto
Use Synchronous Set                : Auto
Use Synchronous Reset              : Auto
Pack IO Registers into IOBs        : Auto
Equivalent register Removal        : YES

---- General Options
Optimization Goal                  : Speed
Optimization Effort                : 1
Power Reduction                    : NO
Keep Hierarchy                     : No
Netlist Hierarchy                  : As_Optimized
RTL Output                         : Yes
Global Optimization                : AllClockNets
Read Cores                         : YES
Write Timing Constraints           : NO
Cross Clock Analysis               : NO
Hierarchy Separator                : /
Bus Delimiter                      : <>
Case Specifier                     : Maintain
Slice Utilization Ratio            : 100
BRAM Utilization Ratio             : 100
DSP48 Utilization Ratio            : 100
Auto BRAM Packing                  : NO
Slice Utilization Ratio Delta      : 5

=========================================================================


=========================================================================
*                          HDL Parsing                                  *
=========================================================================
Analyzing Verilog file "C:\Users\AshfaqAhmad\Documents\DSD_lab_exam_2022\DSD_labexam\parking_system.v" into library work
Parsing module <parking_sys>.
Parsing module <clk_divider>.
Parsing module <D_FF>.
Parsing module <synchronizer>.
Parsing module <L2P_Converter>.
Parsing module <seven_seg>.

=========================================================================
*                            HDL Elaboration                            *
=========================================================================

Elaborating module <parking_sys>.

Elaborating module <clk_divider>.

Elaborating module <L2P_Converter>.

Elaborating module <synchronizer>.

Elaborating module <D_FF>.

Elaborating module <seven_seg>.

=========================================================================
*                           HDL Synthesis                               *
=========================================================================

Synthesizing Unit <parking_sys>.
    Related source file is "C:\Users\AshfaqAhmad\Documents\DSD_lab_exam_2022\DSD_labexam\parking_system.v".
        v0 = 2'b00
        v1 = 2'b01
        v2 = 2'b10
        s0 = 3'b000
        s1 = 3'b001
        s2 = 3'b010
        s3 = 3'b011
        s4 = 32'b00000000000000000000000000000100
        s5 = 3'b101
        s6 = 3'b110
    Found 3-bit register for signal <state>.
    Found 2-bit register for signal <PS>.
    Found 1-bit register for signal <bulb>.
    Found 1-bit register for signal <gate>.
    Found finite state machine <FSM_0> for signal <state>.
    -----------------------------------------------------------------------
    | States             | 7                                              |
    | Transitions        | 27                                             |
    | Inputs             | 3                                              |
    | Outputs            | 4                                              |
    | Clock              | clk_5hz (rising_edge)                          |
    | Reset              | reset (positive)                               |
    | Reset type         | asynchronous                                   |
    | Reset State        | 000                                            |
    | Encoding           | auto                                           |
    | Implementation     | LUT                                            |
    -----------------------------------------------------------------------
    Found finite state machine <FSM_1> for signal <PS>.
    -----------------------------------------------------------------------
    | States             | 3                                              |
    | Transitions        | 7                                              |
    | Inputs             | 2                                              |
    | Outputs            | 1                                              |
    | Clock              | clk_5hz (rising_edge)                          |
    | Reset              | reset (positive)                               |
    | Reset type         | asynchronous                                   |
    | Reset State        | 00                                             |
    | Encoding           | auto                                           |
    | Implementation     | LUT                                            |
    -----------------------------------------------------------------------
    Summary:
	inferred   2 D-type flip-flop(s).
	inferred   2 Finite State Machine(s).
Unit <parking_sys> synthesized.

Synthesizing Unit <clk_divider>.
    Related source file is "C:\Users\AshfaqAhmad\Documents\DSD_lab_exam_2022\DSD_labexam\parking_system.v".
    Found 1-bit register for signal <clk_5hz>.
    Found 32-bit register for signal <c>.
    Found 32-bit adder for signal <c[31]_GND_2_o_add_1_OUT> created at line 153.
    Summary:
	inferred   1 Adder/Subtractor(s).
	inferred  33 D-type flip-flop(s).
	inferred   1 Multiplexer(s).
Unit <clk_divider> synthesized.

Synthesizing Unit <L2P_Converter>.
    Related source file is "C:\Users\AshfaqAhmad\Documents\DSD_lab_exam_2022\DSD_labexam\parking_system.v".
        s0 = 0
        s1 = 1
    Found 1-bit register for signal <state>.
    Summary:
	inferred   1 D-type flip-flop(s).
	inferred   1 Multiplexer(s).
Unit <L2P_Converter> synthesized.

Synthesizing Unit <synchronizer>.
    Related source file is "C:\Users\AshfaqAhmad\Documents\DSD_lab_exam_2022\DSD_labexam\parking_system.v".
    Summary:
	no macro.
Unit <synchronizer> synthesized.

Synthesizing Unit <D_FF>.
    Related source file is "C:\Users\AshfaqAhmad\Documents\DSD_lab_exam_2022\DSD_labexam\parking_system.v".
    Found 1-bit register for signal <Q>.
    Summary:
	inferred   1 D-type flip-flop(s).
Unit <D_FF> synthesized.

Synthesizing Unit <seven_seg>.
    Related source file is "C:\Users\AshfaqAhmad\Documents\DSD_lab_exam_2022\DSD_labexam\parking_system.v".
    Found 8x7-bit Read Only RAM for signal <seg7>
    Summary:
	inferred   1 RAM(s).
Unit <seven_seg> synthesized.

=========================================================================
HDL Synthesis Report

Macro Statistics
# RAMs                                                 : 1
 8x7-bit single-port Read Only RAM                     : 1
# Adders/Subtractors                                   : 1
 32-bit adder                                          : 1
# Registers                                            : 10
 1-bit register                                        : 9
 32-bit register                                       : 1
# Multiplexers                                         : 3
 1-bit 2-to-1 multiplexer                              : 2
 32-bit 2-to-1 multiplexer                             : 1
# FSMs                                                 : 2

=========================================================================

=========================================================================
*                       Advanced HDL Synthesis                          *
=========================================================================


Synthesizing (advanced) Unit <seven_seg>.
INFO:Xst:3218 - HDL ADVISOR - The RAM <Mram_seg7> will be implemented on LUTs either because you have described an asynchronous read or because of currently unsupported block RAM features. If you have described an asynchronous read, making it synchronous would allow you to take advantage of available block RAM resources, for optimized device usage and improved timings. Please refer to your documentation for coding guidelines.
    -----------------------------------------------------------------------
    | ram_type           | Distributed                         |          |
    -----------------------------------------------------------------------
    | Port A                                                              |
    |     aspect ratio   | 8-word x 7-bit                      |          |
    |     weA            | connected to signal <GND>           | high     |
    |     addrA          | connected to signal <state>         |          |
    |     diA            | connected to signal <GND>           |          |
    |     doA            | connected to signal <seg7>          |          |
    -----------------------------------------------------------------------
Unit <seven_seg> synthesized (advanced).

=========================================================================
Advanced HDL Synthesis Report

Macro Statistics
# RAMs                                                 : 1
 8x7-bit single-port distributed Read Only RAM         : 1
# Adders/Subtractors                                   : 1
 32-bit adder                                          : 1
# Registers                                            : 41
 Flip-Flops                                            : 41
# Multiplexers                                         : 1
 32-bit 2-to-1 multiplexer                             : 1
# FSMs                                                 : 2

=========================================================================

=========================================================================
*                         Low Level Synthesis                           *
=========================================================================
Analyzing FSM <MFsm> for best encoding.
Optimizing FSM <FSM_0> on signal <state[1:3]> with user encoding.
-------------------
 State | Encoding
-------------------
 000   | 000
 001   | 001
 010   | 010
 011   | 011
 100   | 100
 101   | 101
 110   | 110
-------------------
Analyzing FSM <MFsm> for best encoding.
Optimizing FSM <FSM_1> on signal <PS[1:2]> with user encoding.
-------------------
 State | Encoding
-------------------
 00    | 00
 01    | 01
 10    | 10
-------------------

Optimizing unit <parking_sys> ...

Optimizing unit <clk_divider> ...
WARNING:Xst:1710 - FF/Latch <cd/c_31> (without init value) has a constant value of 0 in block <parking_sys>. This FF/Latch will be trimmed during the optimization process.
WARNING:Xst:1895 - Due to other FF/Latch trimming, FF/Latch <cd/c_30> (without init value) has a constant value of 0 in block <parking_sys>. This FF/Latch will be trimmed during the optimization process.
WARNING:Xst:1895 - Due to other FF/Latch trimming, FF/Latch <cd/c_29> (without init value) has a constant value of 0 in block <parking_sys>. This FF/Latch will be trimmed during the optimization process.
WARNING:Xst:1895 - Due to other FF/Latch trimming, FF/Latch <cd/c_28> (without init value) has a constant value of 0 in block <parking_sys>. This FF/Latch will be trimmed during the optimization process.
WARNING:Xst:1895 - Due to other FF/Latch trimming, FF/Latch <cd/c_27> (without init value) has a constant value of 0 in block <parking_sys>. This FF/Latch will be trimmed during the optimization process.
WARNING:Xst:1895 - Due to other FF/Latch trimming, FF/Latch <cd/c_26> (without init value) has a constant value of 0 in block <parking_sys>. This FF/Latch will be trimmed during the optimization process.
WARNING:Xst:1895 - Due to other FF/Latch trimming, FF/Latch <cd/c_25> (without init value) has a constant value of 0 in block <parking_sys>. This FF/Latch will be trimmed during the optimization process.
WARNING:Xst:1895 - Due to other FF/Latch trimming, FF/Latch <cd/c_24> (without init value) has a constant value of 0 in block <parking_sys>. This FF/Latch will be trimmed during the optimization process.

Mapping all equations...
Building and optimizing final netlist ...
Found area constraint ratio of 100 (+ 5) on block parking_sys, actual ratio is 1.

Final Macro Processing ...

=========================================================================
Final Register Report

Macro Statistics
# Registers                                            : 37
 Flip-Flops                                            : 37

=========================================================================

=========================================================================
*                           Partition Report                            *
=========================================================================

Partition Implementation Status
-------------------------------

  No Partitions were found in this design.

-------------------------------

=========================================================================
*                            Design Summary                             *
=========================================================================

Top Level Output File Name         : parking_sys.ngc

Primitive and Black Box Usage:
------------------------------
# BELS                             : 107
#      GND                         : 1
#      INV                         : 2
#      LUT1                        : 23
#      LUT2                        : 3
#      LUT3                        : 8
#      LUT5                        : 3
#      LUT6                        : 17
#      MUXCY                       : 24
#      VCC                         : 1
#      XORCY                       : 25
# FlipFlops/Latches                : 37
#      FDC                         : 4
#      FDE                         : 2
#      FDR                         : 30
#      FDS                         : 1
# Clock Buffers                    : 1
#      BUFGP                       : 1
# IO Buffers                       : 16
#      IBUF                        : 4
#      OBUF                        : 12

Device utilization summary:
---------------------------

Selected Device : 6slx9csg324-2 


Slice Logic Utilization: 
 Number of Slice Registers:              37  out of  11440     0%  
 Number of Slice LUTs:                   56  out of   5720     0%  
    Number used as Logic:                56  out of   5720     0%  

Slice Logic Distribution: 
 Number of LUT Flip Flop pairs used:     61
   Number with an unused Flip Flop:      24  out of     61    39%  
   Number with an unused LUT:             5  out of     61     8%  
   Number of fully used LUT-FF pairs:    32  out of     61    52%  
   Number of unique control sets:         4

IO Utilization: 
 Number of IOs:                          17
 Number of bonded IOBs:                  17  out of    200     8%  

Specific Feature Utilization:
 Number of BUFG/BUFGCTRLs:                1  out of     16     6%  

---------------------------
Partition Resource Summary:
---------------------------

  No Partitions were found in this design.

---------------------------


=========================================================================
Timing Report

NOTE: THESE TIMING NUMBERS ARE ONLY A SYNTHESIS ESTIMATE.
      FOR ACCURATE TIMING INFORMATION PLEASE REFER TO THE TRACE REPORT
      GENERATED AFTER PLACE-and-ROUTE.

Clock Information:
------------------
-----------------------------------+------------------------+-------+
Clock Signal                       | Clock buffer(FF name)  | Load  |
-----------------------------------+------------------------+-------+
cd/clk_5hz                         | NONE(gate)             | 12    |
clk_100Mhz                         | BUFGP                  | 25    |
-----------------------------------+------------------------+-------+
INFO:Xst:2169 - HDL ADVISOR - Some clock signals were not automatically buffered by XST with BUFG/BUFR resources. Please use the buffer_type constraint in order to insert these buffers to the clock signals to help prevent skew problems.

Asynchronous Control Signals Information:
----------------------------------------
No asynchronous control signals found in this design

Timing Summary:
---------------
Speed Grade: -2

   Minimum period: 5.002ns (Maximum Frequency: 199.910MHz)
   Minimum input arrival time before clock: 4.196ns
   Maximum output required time after clock: 5.620ns
   Maximum combinational path delay: No path found

Timing Details:
---------------
All values displayed in nanoseconds (ns)

=========================================================================
Timing constraint: Default period analysis for Clock 'cd/clk_5hz'
  Clock period: 3.089ns (frequency: 323.729MHz)
  Total number of paths / destination ports: 30 / 10
-------------------------------------------------------------------------
Delay:               3.089ns (Levels of Logic = 2)
  Source:            l2p0/state (FF)
  Destination:       state_FSM_FFd3 (FF)
  Source Clock:      cd/clk_5hz rising
  Destination Clock: cd/clk_5hz rising

  Data Path: l2p0/state to state_FSM_FFd3
                                Gate     Net
    Cell:in->out      fanout   Delay   Delay  Logical Name (Net Name)
    ----------------------------------------  ------------
     FDR:C->Q              1   0.525   0.790  l2p0/state (l2p0/state)
     LUT2:I0->O            3   0.250   1.196  l2p0/Mmux_L2P_out11 (L2P_zero)
     LUT6:I1->O            1   0.254   0.000  state_FSM_FFd1-In1 (state_FSM_FFd1-In)
     FDC:D                     0.074          state_FSM_FFd1
    ----------------------------------------
    Total                      3.089ns (1.103ns logic, 1.986ns route)
                                       (35.7% logic, 64.3% route)

=========================================================================
Timing constraint: Default period analysis for Clock 'clk_100Mhz'
  Clock period: 5.002ns (frequency: 199.910MHz)
  Total number of paths / destination ports: 3152 / 25
-------------------------------------------------------------------------
Delay:               5.002ns (Levels of Logic = 18)
  Source:            cd/c_0 (FF)
  Destination:       cd/c_15 (FF)
  Source Clock:      clk_100Mhz rising
  Destination Clock: clk_100Mhz rising

  Data Path: cd/c_0 to cd/c_15
                                Gate     Net
    Cell:in->out      fanout   Delay   Delay  Logical Name (Net Name)
    ----------------------------------------  ------------
     FDR:C->Q              1   0.525   0.681  cd/c_0 (cd/c_0)
     INV:I->O              1   0.255   0.000  cd/Madd_c[31]_GND_2_o_add_1_OUT_lut<0>_INV_0 (cd/Madd_c[31]_GND_2_o_add_1_OUT_lut<0>)
     MUXCY:S->O            1   0.215   0.000  cd/Madd_c[31]_GND_2_o_add_1_OUT_cy<0> (cd/Madd_c[31]_GND_2_o_add_1_OUT_cy<0>)
     MUXCY:CI->O           1   0.023   0.000  cd/Madd_c[31]_GND_2_o_add_1_OUT_cy<1> (cd/Madd_c[31]_GND_2_o_add_1_OUT_cy<1>)
     MUXCY:CI->O           1   0.023   0.000  cd/Madd_c[31]_GND_2_o_add_1_OUT_cy<2> (cd/Madd_c[31]_GND_2_o_add_1_OUT_cy<2>)
     MUXCY:CI->O           1   0.023   0.000  cd/Madd_c[31]_GND_2_o_add_1_OUT_cy<3> (cd/Madd_c[31]_GND_2_o_add_1_OUT_cy<3>)
     MUXCY:CI->O           1   0.023   0.000  cd/Madd_c[31]_GND_2_o_add_1_OUT_cy<4> (cd/Madd_c[31]_GND_2_o_add_1_OUT_cy<4>)
     MUXCY:CI->O           1   0.023   0.000  cd/Madd_c[31]_GND_2_o_add_1_OUT_cy<5> (cd/Madd_c[31]_GND_2_o_add_1_OUT_cy<5>)
     MUXCY:CI->O           1   0.023   0.000  cd/Madd_c[31]_GND_2_o_add_1_OUT_cy<6> (cd/Madd_c[31]_GND_2_o_add_1_OUT_cy<6>)
     MUXCY:CI->O           1   0.023   0.000  cd/Madd_c[31]_GND_2_o_add_1_OUT_cy<7> (cd/Madd_c[31]_GND_2_o_add_1_OUT_cy<7>)
     MUXCY:CI->O           1   0.023   0.000  cd/Madd_c[31]_GND_2_o_add_1_OUT_cy<8> (cd/Madd_c[31]_GND_2_o_add_1_OUT_cy<8>)
     MUXCY:CI->O           1   0.023   0.000  cd/Madd_c[31]_GND_2_o_add_1_OUT_cy<9> (cd/Madd_c[31]_GND_2_o_add_1_OUT_cy<9>)
     MUXCY:CI->O           1   0.023   0.000  cd/Madd_c[31]_GND_2_o_add_1_OUT_cy<10> (cd/Madd_c[31]_GND_2_o_add_1_OUT_cy<10>)
     MUXCY:CI->O           1   0.023   0.000  cd/Madd_c[31]_GND_2_o_add_1_OUT_cy<11> (cd/Madd_c[31]_GND_2_o_add_1_OUT_cy<11>)
     MUXCY:CI->O           1   0.023   0.000  cd/Madd_c[31]_GND_2_o_add_1_OUT_cy<12> (cd/Madd_c[31]_GND_2_o_add_1_OUT_cy<12>)
     MUXCY:CI->O           1   0.023   0.000  cd/Madd_c[31]_GND_2_o_add_1_OUT_cy<13> (cd/Madd_c[31]_GND_2_o_add_1_OUT_cy<13>)
     XORCY:CI->O           2   0.206   1.156  cd/Madd_c[31]_GND_2_o_add_1_OUT_xor<14> (cd/c[31]_GND_2_o_add_1_OUT<14>)
     LUT6:I1->O            9   0.254   1.084  cd/c[31]_GND_2_o_equal_3_o<31>1 (cd/c[31]_GND_2_o_equal_3_o<31>)
     LUT6:I4->O            1   0.250   0.000  cd/clk_5hz_rstpot (cd/clk_5hz_rstpot)
     FDS:D                     0.074          cd/clk_5hz
    ----------------------------------------
    Total                      5.002ns (2.081ns logic, 2.921ns route)
                                       (41.6% logic, 58.4% route)

=========================================================================
Timing constraint: Default OFFSET IN BEFORE for Clock 'cd/clk_5hz'
  Total number of paths / destination ports: 18 / 18
-------------------------------------------------------------------------
Offset:              4.196ns (Levels of Logic = 2)
  Source:            reset (PAD)
  Destination:       gate (FF)
  Destination Clock: cd/clk_5hz rising

  Data Path: reset to gate
                                Gate     Net
    Cell:in->out      fanout   Delay   Delay  Logical Name (Net Name)
    ----------------------------------------  ------------
     IBUF:I->O            36   1.328   1.586  reset_IBUF (reset_IBUF)
     INV:I->O              2   0.255   0.725  reset_inv1_INV_0 (reset_inv)
     FDE:CE                    0.302          gate
    ----------------------------------------
    Total                      4.196ns (1.885ns logic, 2.311ns route)
                                       (44.9% logic, 55.1% route)

=========================================================================
Timing constraint: Default OFFSET IN BEFORE for Clock 'clk_100Mhz'
  Total number of paths / destination ports: 25 / 25
-------------------------------------------------------------------------
Offset:              3.373ns (Levels of Logic = 1)
  Source:            reset (PAD)
  Destination:       cd/c_23 (FF)
  Destination Clock: clk_100Mhz rising

  Data Path: reset to cd/c_23
                                Gate     Net
    Cell:in->out      fanout   Delay   Delay  Logical Name (Net Name)
    ----------------------------------------  ------------
     IBUF:I->O            36   1.328   1.586  reset_IBUF (reset_IBUF)
     FDR:R                     0.459          cd/c_0
    ----------------------------------------
    Total                      3.373ns (1.787ns logic, 1.586ns route)
                                       (53.0% logic, 47.0% route)

=========================================================================
Timing constraint: Default OFFSET OUT AFTER for Clock 'cd/clk_5hz'
  Total number of paths / destination ports: 23 / 9
-------------------------------------------------------------------------
Offset:              5.620ns (Levels of Logic = 2)
  Source:            state_FSM_FFd2 (FF)
  Destination:       seg7<6> (PAD)
  Source Clock:      cd/clk_5hz rising

  Data Path: state_FSM_FFd2 to seg7<6>
                                Gate     Net
    Cell:in->out      fanout   Delay   Delay  Logical Name (Net Name)
    ----------------------------------------  ------------
     FDC:C->Q             11   0.525   1.267  state_FSM_FFd2 (state_FSM_FFd2)
     LUT3:I0->O            1   0.235   0.681  ss/Mram_seg711 (seg7_0_OBUF)
     OBUF:I->O                 2.912          seg7_0_OBUF (seg7<0>)
    ----------------------------------------
    Total                      5.620ns (3.672ns logic, 1.948ns route)
                                       (65.3% logic, 34.7% route)

=========================================================================

Cross Clock Domains Report:
--------------------------

Clock to Setup on destination clock cd/clk_5hz
---------------+---------+---------+---------+---------+
               | Src:Rise| Src:Fall| Src:Rise| Src:Fall|
Source Clock   |Dest:Rise|Dest:Rise|Dest:Fall|Dest:Fall|
---------------+---------+---------+---------+---------+
cd/clk_5hz     |    3.089|         |         |         |
---------------+---------+---------+---------+---------+

Clock to Setup on destination clock clk_100Mhz
---------------+---------+---------+---------+---------+
               | Src:Rise| Src:Fall| Src:Rise| Src:Fall|
Source Clock   |Dest:Rise|Dest:Rise|Dest:Fall|Dest:Fall|
---------------+---------+---------+---------+---------+
clk_100Mhz     |    5.002|         |         |         |
---------------+---------+---------+---------+---------+

=========================================================================


Total REAL time to Xst completion: 6.00 secs
Total CPU time to Xst completion: 6.47 secs
 
--> 

Total memory usage is 4485920 kilobytes

Number of errors   :    0 (   0 filtered)
Number of warnings :    8 (   0 filtered)
Number of infos    :    2 (   0 filtered)

