A51 MACRO ASSEMBLER  FILE1                                                                04/11/2022 01:58:17 PAGE     1


MACRO ASSEMBLER A51 V8.2.7.0
OBJECT MODULE PLACED IN .\Objects\file1.obj
ASSEMBLER INVOKED BY: C:\Keil_v5\C51\BIN\A51.EXE file1.a51 SET(SMALL) DEBUG PRINT(.\Listings\file1.lst) OBJECT(.\Objects
                      \file1.obj) EP

LOC  OBJ            LINE     SOURCE

0000                   1     org 0     ;start at address 0
0000                   2     START:
0000 D291              3         setb p1.1   ;p1.1=1
0002 110A              4             acall DELAY1  ;call delay
0004 C291              5             clr p1.1     ;p1.1=0
0006 1115              6             acall DELAY2  ;call delay
0008 80F6              7             sjmp START   ;jump to start
000A                   8     DELAY1:           ;delay subroutine
000A 790C              9         mov r1,#12   ; move 4 to r1
000C                  10     AGAIN:           
000C 7AFA             11         mov r2,#250 
000E                  12     HERE:
000E 00               13         nop          ;no operation
000F 00               14             nop 
0010 DAFC             15             djnz r2,HERE  ;if r2!=0 jump to HERE
0012 D9F8             16             djnz r1,AGAIN  ;if r1!=0 jump to AGAIN
0014 22               17             ret
                      18             ;jb p1.1,RETURN  ;if p1.1=1 jump to return
                      19             
0015                  20     DELAY2: 
0015 7908             21             mov r1,#8
0017                  22     LOOP:
0017 7AFA             23         mov r2,#250
0019                  24     GO: 
0019 00               25         nop
001A 00               26             nop
001B DAFC             27             djnz r2,GO
001D D9F8             28             djnz r1,LOOP
                      29     ;RETURN:
001F 22               30         ret   ;return from delay subroutine
                      31     
                      32     end      ;end of program
                                     
A51 MACRO ASSEMBLER  FILE1                                                                04/11/2022 01:58:17 PAGE     2

SYMBOL TABLE LISTING
------ ----- -------


N A M E             T Y P E  V A L U E   ATTRIBUTES

AGAIN. . . . . . .  C ADDR   000CH   A   
DELAY1 . . . . . .  C ADDR   000AH   A   
DELAY2 . . . . . .  C ADDR   0015H   A   
GO . . . . . . . .  C ADDR   0019H   A   
HERE . . . . . . .  C ADDR   000EH   A   
LOOP . . . . . . .  C ADDR   0017H   A   
P1 . . . . . . . .  D ADDR   0090H   A   
START. . . . . . .  C ADDR   0000H   A   


REGISTER BANK(S) USED: 0 


ASSEMBLY COMPLETE.  0 WARNING(S), 0 ERROR(S)
