C51 COMPILER V9.60.0.0   TASK01                                                            08/02/2022 16:50:49 PAGE 1   


C51 COMPILER V9.60.0.0, COMPILATION OF MODULE TASK01
OBJECT MODULE PLACED IN .\Objects\Task01.obj
COMPILER INVOKED BY: C:\Keil_v5\C51\BIN\C51.EXE Task01.c OPTIMIZE(8,SPEED) BROWSE DEBUG OBJECTEXTEND PRINT(.\Listings\Ta
                    -sk01.lst) TABS(2) OBJECT(.\Objects\Task01.obj)

line level    source

   1          #include <reg51.h>
   2          #include <stdio.h>
   3          
   4          sbit E=P3^6;
   5          sbit RS=P3^7;
   6          
   7          void delay(unsigned int x)
   8          {
   9   1         unsigned int i;
  10   1         for(i=0; i<x; i++);
  11   1      }
  12          
  13          void writedata(char u)
  14          {
  15   1         RS=1;         //1 to select data register.
  16   1         P2=u;
  17   1         
  18   1         E=1;        //when 1  it latch information from data register to LCD.
  19   1         delay(400);
  20   1         E=0;          // LCD become clear
  21   1         delay(400);
  22   1      }
  23          void writecmd(int z)
  24          {
  25   1         RS=0;   //RS=0 to select command register 
  26   1         P2=z;
  27   1         
  28   1         E=1;      //when 1  itlatch information from command register to LCD.
  29   1         delay(400);
  30   1         E=0;
  31   1         delay(400);
  32   1      }
  33          
  34          void lcd_init()
  35          {
  36   1         writecmd(0x0C);  //display on,cursor off
  37   1         writecmd(0x01);  //clear display screen
  38   1         writecmd(0x06);  //increment cursor to right.
  39   1      }
  40          void name()
  41          {
  42   1          writedata('A');
  43   1          writedata('S');
  44   1          writedata('H');
  45   1          writedata('F');
  46   1          writedata('A');
  47   1          writedata('Q');
  48   1          writedata(' ');
  49   1         writedata('A');
  50   1          writedata('H');
  51   1          writedata('M');
  52   1         writedata('A');
  53   1          writedata('D');
  54   1         writedata(' ');
C51 COMPILER V9.60.0.0   TASK01                                                            08/02/2022 16:50:49 PAGE 2   

  55   1         writedata('M');
  56   1          writedata('S');
  57   1          writedata('D');
  58   1      }
  59             void microcontroller_init(void)
  60             {
  61   1            P1=0xf0;
  62   1            delay(200);
  63   1            P2=0x00;
  64   1            delay(200);
  65   1            P3=0x00;
  66   1            delay(200);
  67   1         }
  68          
  69          void main(void)
  70           { 
  71   1         
  72   1          microcontroller_init();
  73   1          lcd_init();
  74   1         while(1)
  75   1         {
  76   2          name();
  77   2         }
  78   1       }
  79           
  80           
  81           
  82           
  83           
  84           
  85           
  86           
  87           


MODULE INFORMATION:   STATIC OVERLAYABLE
   CODE SIZE        =    170    ----
   CONSTANT SIZE    =   ----    ----
   XDATA SIZE       =   ----    ----
   PDATA SIZE       =   ----    ----
   DATA SIZE        =   ----    ----
   IDATA SIZE       =   ----    ----
   BIT SIZE         =   ----    ----
END OF MODULE INFORMATION.


C51 COMPILATION COMPLETE.  0 WARNING(S),  0 ERROR(S)
