C51 COMPILER V9.60.0.0   CODE                                                              07/19/2022 20:52:00 PAGE 1   


C51 COMPILER V9.60.0.0, COMPILATION OF MODULE CODE
OBJECT MODULE PLACED IN .\Objects\code.obj
COMPILER INVOKED BY: C:\Keil_v5\C51\BIN\C51.EXE code.c OPTIMIZE(8,SPEED) BROWSE DEBUG OBJECTEXTEND PRINT(.\Listings\code
                    -.lst) TABS(2) OBJECT(.\Objects\code.obj)

line level    source

   1          //Create an up counter using timer 1 and mode 1 that count from FF00 to FFFF.
   2          
   3          
   4          //Note: see counter using timer 0 mode 2 in sir slide.
   5          
   6          
   7          #include <reg51.h>
   8          #include <stdio.h>
   9          sbit increment_button=P3^5;  //in case of timer 1 if we use P3^4, it will not work.
  10          
  11          void start_timer()
  12          {
  13   1      TR1=1;
  14   1      }
  15          void init_timer()
  16          {
  17   1      TMOD=0x50;     //mode 1    , timer 1 as a counter
  18   1      TL1=0x00;
  19   1      TH1=0xFF;    //this counter wil increment from FF00 to FFFF and then start from 0000.
  20   1      increment_button=1;   //set as input pin.
  21   1      }        //whenever button press counter will increment automatically.
  22          
  23          void main(void)
  24           { 
  25   1         init_timer();
  26   1         start_timer();
  27   1         while (1)
  28   1           {
  29   2                 P1=TL1;   //display
  30   2                 P2=TH1;   //display
  31   2           }
  32   1       }
  33           
  34           //later i will add decrement button in this program also for down counter.


MODULE INFORMATION:   STATIC OVERLAYABLE
   CODE SIZE        =     29    ----
   CONSTANT SIZE    =   ----    ----
   XDATA SIZE       =   ----    ----
   PDATA SIZE       =   ----    ----
   DATA SIZE        =   ----    ----
   IDATA SIZE       =   ----    ----
   BIT SIZE         =   ----    ----
END OF MODULE INFORMATION.


C51 COMPILATION COMPLETE.  0 WARNING(S),  0 ERROR(S)
