C51 COMPILER V9.60.0.0   INTERRUPT_SIGNAL                                                  05/23/2022 04:07:30 PAGE 1   


C51 COMPILER V9.60.0.0, COMPILATION OF MODULE INTERRUPT_SIGNAL
OBJECT MODULE PLACED IN .\Objects\interrupt_signal.obj
COMPILER INVOKED BY: C:\Keil_v5\C51\BIN\C51.EXE interrupt_signal.c OPTIMIZE(8,SPEED) BROWSE DEBUG OBJECTEXTEND PRINT(.\L
                    -istings\interrupt_signal.lst) TABS(2) OBJECT(.\Objects\interrupt_signal.obj)

line level    source

   1          #include <reg51.h>
   2          #include <stdio.h>
   3          sbit led1=P1^0;
   4          sbit led2=P1^1;
   5          sbit led3=P1^2;
   6          sbit led4=P1^3;
   7          
   8          int i;
   9          
  10            void delay();
  11            void ISR() interrupt 0
  12            {
  13   1          led1=~led1;
  14   1          led2=~led2;
  15   1          led3=~led3;
  16   1          led4=~led4;
  17   1          delay();  
  18   1        }
  19          void main()
  20          {
  21   1        IE=0x81;
  22   1        IT0=1;
  23   1        while(1)
  24   1        {
  25   2          led1=1;
  26   2          led2=0;
  27   2          led3=1;
  28   2          led4=0;
  29   2        }
  30   1      }
  31          
  32          
  33          void delay()
  34          {
  35   1        TMOD=0x01;
  36   1        for(i = 0; i<100; i++)
  37   1        {
  38   2          TH0 = 0x4c;
  39   2          TL0 = 0x13;
  40   2          TR0=1;
  41   2          while(TF0 == 0);
  42   2          TF0 = 0;
  43   2          TR0 = 0;
  44   2        }
  45   1      }
  46          
  47          
  48          
  49          
  50          
  51          


MODULE INFORMATION:   STATIC OVERLAYABLE
C51 COMPILER V9.60.0.0   INTERRUPT_SIGNAL                                                  05/23/2022 04:07:30 PAGE 2   

   CODE SIZE        =    120    ----
   CONSTANT SIZE    =   ----    ----
   XDATA SIZE       =   ----    ----
   PDATA SIZE       =   ----    ----
   DATA SIZE        =      2    ----
   IDATA SIZE       =   ----    ----
   BIT SIZE         =   ----    ----
END OF MODULE INFORMATION.


C51 COMPILATION COMPLETE.  0 WARNING(S),  0 ERROR(S)
