C51 COMPILER V9.60.0.0   FILE1                                                             08/02/2022 00:54:42 PAGE 1   


C51 COMPILER V9.60.0.0, COMPILATION OF MODULE FILE1
OBJECT MODULE PLACED IN .\Objects\file1.obj
COMPILER INVOKED BY: C:\Keil_v5\C51\BIN\C51.EXE file1.c OPTIMIZE(8,SPEED) BROWSE DEBUG OBJECTEXTEND PRINT(.\Listings\fil
                    -e1.lst) TABS(2) OBJECT(.\Objects\file1.obj)

line level    source

   1          #include <reg51.h>
   2          #include <stdio.h>
   3          
   4          sbit button=P1^0;
   5          sbit led1=P2^1;
   6          sbit led2=P2^2;
   7          sbit led3=P2^3;
   8          sbit led4=P2^4;
   9          
  10          output=0x00;
  11          
  12          void main(void)
  13          {
  14   1        led1=led2=led3=led4=0;
  15   1        while(~button)   //polling
  16   1        {
  17   2            led1=1;
  18   2            led2=1;
  19   2            led3=1;
  20   2            led4=1; 
  21   2        
  22   2        }
  23   1      }


MODULE INFORMATION:   STATIC OVERLAYABLE
   CODE SIZE        =     24    ----
   CONSTANT SIZE    =   ----    ----
   XDATA SIZE       =   ----    ----
   PDATA SIZE       =   ----    ----
   DATA SIZE        =      2    ----
   IDATA SIZE       =   ----    ----
   BIT SIZE         =   ----    ----
END OF MODULE INFORMATION.


C51 COMPILATION COMPLETE.  0 WARNING(S),  0 ERROR(S)
