A51 MACRO ASSEMBLER  FILE1                                                                04/12/2022 22:17:05 PAGE     1


MACRO ASSEMBLER A51 V8.2.7.0
OBJECT MODULE PLACED IN .\Objects\file1.obj
ASSEMBLER INVOKED BY: C:\Keil_v5\C51\BIN\A51.EXE file1.a51 SET(SMALL) DEBUG PRINT(.\Listings\file1.lst) OBJECT(.\Objects
                      \file1.obj) EP

LOC  OBJ            LINE     SOURCE

                       1     ;2nd method of task1.........
0000                   2     org 0     ;start at address 0
0000                   3     START:
0000 C291              4         clr p1.1   ;p1.1=0   clr command will store in address 0.
0002 110A              5             acall DELAY  ;call delay
0004 D291              6             setb p1.1     ;p1.1=1
0006 110A              7             acall DELAY  ;call delay
0008 80F6              8             sjmp START   ;jump to start
000A                   9     DELAY:           ;delay subroutine
000A 7908             10         mov r1,#8   ; move 4 to r1   here delay 8 millisecond.. for  LED off
000C                  11     AGAIN:           
000C 7AFA             12         mov r2,#250 
000E                  13     HERE:
000E 00               14         nop          ;no operation
000F 00               15             nop 
0010 DAFC             16             djnz r2,HERE  ;if r2!=0 jump to HERE
0012 D9F8             17             djnz r1,AGAIN  ;if r1!=0 jump to AGAIN
0014 30910A           18             jnb p1.1,RETURN  ;if p1.1=0 jump to return      
0017 7904             19             mov r1,#4      ;incase of LED on 4 millisecond more dely. total=12 ms
0019                  20     LOOP:
0019 7AFA             21         mov r2,#250   
001B                  22     GO: 
001B 00               23         nop
001C 00               24             nop
001D DAFC             25             djnz r2,GO
001F D9F8             26             djnz r1,LOOP
0021                  27     RETURN:
0021 22               28         ret   ;return from delay subroutine
                      29     
                      30     end      ;end of program
                                     
A51 MACRO ASSEMBLER  FILE1                                                                04/12/2022 22:17:05 PAGE     2

SYMBOL TABLE LISTING
------ ----- -------


N A M E             T Y P E  V A L U E   ATTRIBUTES

AGAIN. . . . . . .  C ADDR   000CH   A   
DELAY. . . . . . .  C ADDR   000AH   A   
GO . . . . . . . .  C ADDR   001BH   A   
HERE . . . . . . .  C ADDR   000EH   A   
LOOP . . . . . . .  C ADDR   0019H   A   
P1 . . . . . . . .  D ADDR   0090H   A   
RETURN . . . . . .  C ADDR   0021H   A   
START. . . . . . .  C ADDR   0000H   A   


REGISTER BANK(S) USED: 0 


ASSEMBLY COMPLETE.  0 WARNING(S), 0 ERROR(S)
